{
  "RSpec": {
    "coverage": {
      "/Users/nicoledoromal/AvionSchool/Backend/Rails/recipe_generator/spec/edamam_api_spec.rb": {
        "lines": [
          1,
          null,
          1,
          1,
          1,
          0,
          null,
          null,
          1,
          2,
          2,
          2,
          null,
          1,
          null,
          1,
          null,
          null,
          null,
          1,
          null,
          null,
          0,
          null,
          null,
          null,
          null
        ]
      },
      "/Users/nicoledoromal/AvionSchool/Backend/Rails/recipe_generator/spec/rails_helper.rb": {
        "lines": [
          null,
          1,
          1,
          1,
          null,
          1,
          1,
          null,
          null,
          null,
          null,
          null,
          null,
          null,
          null,
          null,
          null,
          null,
          null,
          null,
          null,
          null,
          null,
          null,
          null,
          null,
          null,
          1,
          null,
          0,
          null,
          1,
          null,
          1,
          null,
          null,
          null,
          null,
          1,
          null,
          null,
          null,
          null,
          null,
          null,
          null,
          null,
          null,
          null,
          null,
          null,
          null,
          null,
          null,
          null,
          null,
          1,
          null,
          null,
          1,
          null,
          null,
          null
        ]
      },
      "/Users/nicoledoromal/AvionSchool/Backend/Rails/recipe_generator/config/environment.rb": {
        "lines": [
          null,
          1,
          null,
          null,
          1
        ]
      },
      "/Users/nicoledoromal/AvionSchool/Backend/Rails/recipe_generator/config/application.rb": {
        "lines": [
          1,
          null,
          1,
          null,
          null,
          null,
          1,
          null,
          1,
          1,
          null,
          1,
          null,
          null,
          null,
          null,
          null,
          null,
          null,
          null,
          null,
          null
        ]
      },
      "/Users/nicoledoromal/AvionSchool/Backend/Rails/recipe_generator/config/boot.rb": {
        "lines": [
          1,
          null,
          1,
          1
        ]
      },
      "/Users/nicoledoromal/AvionSchool/Backend/Rails/recipe_generator/config/environments/test.rb": {
        "lines": [
          1,
          null,
          null,
          null,
          null,
          null,
          null,
          1,
          null,
          null,
          null,
          1,
          null,
          null,
          null,
          null,
          1,
          null,
          null,
          1,
          1,
          null,
          null,
          null,
          null,
          1,
          1,
          1,
          null,
          null,
          1,
          null,
          null,
          1,
          null,
          null,
          1,
          null,
          1,
          null,
          null,
          null,
          null,
          1,
          null,
          null,
          1,
          null,
          null,
          1,
          null,
          null,
          1,
          null,
          null,
          null,
          null,
          null,
          null,
          null
        ]
      },
      "/Users/nicoledoromal/AvionSchool/Backend/Rails/recipe_generator/config/initializers/assets.rb": {
        "lines": [
          null,
          null,
          null,
          1,
          null,
          null,
          null,
          null,
          null,
          null,
          null,
          null
        ]
      },
      "/Users/nicoledoromal/AvionSchool/Backend/Rails/recipe_generator/config/initializers/content_security_policy.rb": {
        "lines": [
          null,
          null,
          null,
          null,
          null,
          null,
          null,
          null,
          null,
          null,
          null,
          null,
          null,
          null,
          null,
          null,
          null,
          null,
          null,
          null,
          null,
          null,
          null,
          null,
          null
        ]
      },
      "/Users/nicoledoromal/AvionSchool/Backend/Rails/recipe_generator/config/initializers/devise.rb": {
        "lines": [
          null,
          null,
          null,
          null,
          null,
          null,
          null,
          null,
          null,
          null,
          1,
          null,
          null,
          null,
          null,
          null,
          null,
          null,
          null,
          null,
          null,
          null,
          null,
          null,
          null,
          null,
          1,
          null,
          null,
          null,
          null,
          null,
          null,
          null,
          null,
          null,
          null,
          null,
          1,
          null,
          null,
          null,
          null,
          null,
          null,
          null,
          null,
          null,
          null,
          null,
          null,
          null,
          null,
          null,
          null,
          null,
          null,
          null,
          null,
          null,
          1,
          null,
          null,
          null,
          null,
          1,
          null,
          null,
          null,
          null,
          null,
          null,
          null,
          null,
          null,
          null,
          null,
          null,
          null,
          null,
          null,
          null,
          null,
          null,
          null,
          null,
          null,
          null,
          null,
          null,
          null,
          null,
          null,
          null,
          null,
          null,
          null,
          null,
          null,
          1,
          null,
          null,
          null,
          null,
          null,
          null,
          null,
          null,
          null,
          null,
          null,
          null,
          null,
          null,
          null,
          null,
          null,
          null,
          null,
          null,
          null,
          null,
          null,
          null,
          null,
          1,
          null,
          null,
          null,
          null,
          null,
          null,
          null,
          null,
          null,
          null,
          null,
          null,
          null,
          null,
          null,
          null,
          null,
          null,
          null,
          null,
          null,
          null,
          null,
          null,
          null,
          null,
          null,
          null,
          null,
          null,
          null,
          null,
          null,
          1,
          null,
          null,
          null,
          null,
          null,
          null,
          null,
          null,
          null,
          1,
          null,
          null,
          null,
          null,
          null,
          null,
          null,
          null,
          null,
          null,
          1,
          null,
          null,
          null,
          null,
          1,
          null,
          null,
          null,
          null,
          null,
          null,
          null,
          null,
          null,
          null,
          null,
          null,
          null,
          null,
          null,
          null,
          null,
          null,
          null,
          null,
          null,
          null,
          null,
          null,
          null,
          null,
          null,
          null,
          null,
          null,
          null,
          null,
          null,
          null,
          null,
          null,
          null,
          null,
          null,
          null,
          1,
          null,
          null,
          null,
          null,
          null,
          null,
          null,
          null,
          null,
          null,
          null,
          null,
          null,
          null,
          null,
          null,
          null,
          null,
          null,
          null,
          null,
          null,
          null,
          null,
          null,
          null,
          null,
          null,
          null,
          null,
          null,
          null,
          null,
          null,
          null,
          null,
          null,
          null,
          1,
          null,
          1,
          null,
          null,
          null,
          null,
          null,
          null,
          null,
          null,
          null,
          null,
          null,
          null,
          null,
          null,
          null,
          null,
          null,
          null,
          null,
          null,
          null,
          null,
          null,
          null,
          null,
          null,
          null,
          null,
          null,
          null,
          null,
          null,
          null,
          null,
          null,
          null,
          null,
          null,
          null,
          null,
          null,
          null
        ]
      },
      "/Users/nicoledoromal/AvionSchool/Backend/Rails/recipe_generator/config/initializers/filter_parameter_logging.rb": {
        "lines": [
          null,
          null,
          null,
          null,
          null,
          1,
          null,
          null
        ]
      },
      "/Users/nicoledoromal/AvionSchool/Backend/Rails/recipe_generator/config/initializers/inflections.rb": {
        "lines": [
          null,
          null,
          null,
          null,
          null,
          null,
          null,
          null,
          null,
          null,
          null,
          null,
          null,
          null,
          null,
          null
        ]
      },
      "/Users/nicoledoromal/AvionSchool/Backend/Rails/recipe_generator/config/initializers/permissions_policy.rb": {
        "lines": [
          null,
          null,
          null,
          null,
          null,
          null,
          null,
          null,
          null,
          null,
          null
        ]
      },
      "/Users/nicoledoromal/AvionSchool/Backend/Rails/recipe_generator/config/routes.rb": {
        "lines": [
          1,
          1,
          1,
          1,
          null,
          null,
          1,
          1,
          1,
          1,
          null,
          1,
          1,
          1,
          1,
          null,
          1,
          null
        ]
      },
      "/Users/nicoledoromal/AvionSchool/Backend/Rails/recipe_generator/app/models/user.rb": {
        "lines": [
          1,
          null,
          null,
          1,
          null,
          null,
          1,
          null
        ]
      },
      "/Users/nicoledoromal/AvionSchool/Backend/Rails/recipe_generator/app/models/application_record.rb": {
        "lines": [
          1,
          1,
          null
        ]
      },
      "/Users/nicoledoromal/AvionSchool/Backend/Rails/recipe_generator/app/helpers/application_helper.rb": {
        "lines": [
          1,
          null
        ]
      },
      "/Users/nicoledoromal/AvionSchool/Backend/Rails/recipe_generator/app/helpers/dashboard_helper.rb": {
        "lines": [
          1,
          null
        ]
      },
      "/Users/nicoledoromal/AvionSchool/Backend/Rails/recipe_generator/app/helpers/favorites_helper.rb": {
        "lines": [
          1,
          null
        ]
      },
      "/Users/nicoledoromal/AvionSchool/Backend/Rails/recipe_generator/app/helpers/home_helper.rb": {
        "lines": [
          1,
          null
        ]
      },
      "/Users/nicoledoromal/AvionSchool/Backend/Rails/recipe_generator/app/helpers/random_recipe_helper.rb": {
        "lines": [
          1,
          null
        ]
      },
      "/Users/nicoledoromal/AvionSchool/Backend/Rails/recipe_generator/spec/helpers/dashboard_helper_spec.rb": {
        "lines": [
          1,
          null,
          null,
          null,
          null,
          null,
          null,
          null,
          null,
          null,
          null,
          null,
          1,
          1,
          null
        ]
      },
      "/Users/nicoledoromal/AvionSchool/Backend/Rails/recipe_generator/spec/helpers/favorites_helper_spec.rb": {
        "lines": [
          1,
          null,
          null,
          null,
          null,
          null,
          null,
          null,
          null,
          null,
          null,
          null,
          1,
          1,
          null
        ]
      },
      "/Users/nicoledoromal/AvionSchool/Backend/Rails/recipe_generator/spec/helpers/home_helper_spec.rb": {
        "lines": [
          1,
          null,
          null,
          null,
          null,
          null,
          null,
          null,
          null,
          null,
          null,
          null,
          1,
          1,
          null
        ]
      },
      "/Users/nicoledoromal/AvionSchool/Backend/Rails/recipe_generator/spec/helpers/random_recipe_helper_spec.rb": {
        "lines": [
          1,
          null,
          null,
          null,
          null,
          null,
          null,
          null,
          null,
          null,
          null,
          null,
          1,
          1,
          null
        ]
      },
      "/Users/nicoledoromal/AvionSchool/Backend/Rails/recipe_generator/spec/models/user_spec.rb": {
        "lines": [
          1,
          null,
          1,
          1,
          null,
          1,
          1,
          1,
          null,
          null,
          null,
          null,
          null,
          1,
          null,
          null,
          1,
          1,
          1,
          null,
          null,
          1,
          1,
          1,
          null,
          null,
          null
        ]
      },
      "/Users/nicoledoromal/AvionSchool/Backend/Rails/recipe_generator/spec/requests/dashboard_spec.rb": {
        "lines": [
          1,
          null,
          1,
          1,
          1,
          null,
          null
        ]
      },
      "/Users/nicoledoromal/AvionSchool/Backend/Rails/recipe_generator/spec/requests/favorites_spec.rb": {
        "lines": [
          1,
          null,
          1,
          1,
          1,
          null,
          null
        ]
      },
      "/Users/nicoledoromal/AvionSchool/Backend/Rails/recipe_generator/spec/requests/home_spec.rb": {
        "lines": [
          1,
          null,
          1,
          1,
          1,
          null,
          null
        ]
      },
      "/Users/nicoledoromal/AvionSchool/Backend/Rails/recipe_generator/spec/requests/random_recipe_spec.rb": {
        "lines": [
          1,
          null,
          1,
          1,
          1,
          null,
          null
        ]
      },
      "/Users/nicoledoromal/AvionSchool/Backend/Rails/recipe_generator/spec/requests/recipes_spec.rb": {
        "lines": [
          1,
          null,
          1,
          1,
          1,
          1,
          0,
          null,
          null,
          null
        ]
      },
      "/Users/nicoledoromal/AvionSchool/Backend/Rails/recipe_generator/app/services/recipe_service.rb": {
        "lines": [
          1,
          1,
          1,
          null,
          1,
          null,
          null,
          1,
          null,
          1,
          0,
          null,
          0,
          0,
          null,
          null,
          null
        ]
      }
    },
    "timestamp": 1678693591
  }
}
